Determining if the pthread_create exist failed with the following output:
Change Dir: /home/iordanis/Roula/build/CMakeFiles/CMakeTmp

Run Build Command:/usr/bin/make "cmTryCompileExec3745006774/fast"
/usr/bin/make -f CMakeFiles/cmTryCompileExec3745006774.dir/build.make CMakeFiles/cmTryCompileExec3745006774.dir/build
make[1]: Entering directory `/home/iordanis/Roula/build/CMakeFiles/CMakeTmp'
/usr/bin/cmake -E cmake_progress_report /home/iordanis/Roula/build/CMakeFiles/CMakeTmp/CMakeFiles 1
Building C object CMakeFiles/cmTryCompileExec3745006774.dir/CheckSymbolExists.c.o
/usr/bin/cc    -o CMakeFiles/cmTryCompileExec3745006774.dir/CheckSymbolExists.c.o   -c /home/iordanis/Roula/build/CMakeFiles/CMakeTmp/CheckSymbolExists.c
Linking C executable cmTryCompileExec3745006774
/usr/bin/cmake -E cmake_link_script CMakeFiles/cmTryCompileExec3745006774.dir/link.txt --verbose=1
/usr/bin/cc       CMakeFiles/cmTryCompileExec3745006774.dir/CheckSymbolExists.c.o  -o cmTryCompileExec3745006774 -rdynamic 
CMakeFiles/cmTryCompileExec3745006774.dir/CheckSymbolExists.c.o: In function `main':
CheckSymbolExists.c:(.text+0x16): undefined reference to `pthread_create'
collect2: error: ld returned 1 exit status
make[1]: *** [cmTryCompileExec3745006774] Error 1
make[1]: Leaving directory `/home/iordanis/Roula/build/CMakeFiles/CMakeTmp'
make: *** [cmTryCompileExec3745006774/fast] Error 2

File /home/iordanis/Roula/build/CMakeFiles/CMakeTmp/CheckSymbolExists.c:
/* */
#include <pthread.h>

int main(int argc, char** argv)
{
  (void)argv;
#ifndef pthread_create
  return ((int*)(&pthread_create))[argc];
#else
  (void)argc;
  return 0;
#endif
}

Determining if the function pthread_create exists in the pthreads failed with the following output:
Change Dir: /home/iordanis/Roula/build/CMakeFiles/CMakeTmp

Run Build Command:/usr/bin/make "cmTryCompileExec652165756/fast"
/usr/bin/make -f CMakeFiles/cmTryCompileExec652165756.dir/build.make CMakeFiles/cmTryCompileExec652165756.dir/build
make[1]: Entering directory `/home/iordanis/Roula/build/CMakeFiles/CMakeTmp'
/usr/bin/cmake -E cmake_progress_report /home/iordanis/Roula/build/CMakeFiles/CMakeTmp/CMakeFiles 1
Building C object CMakeFiles/cmTryCompileExec652165756.dir/CheckFunctionExists.c.o
/usr/bin/cc   -DCHECK_FUNCTION_EXISTS=pthread_create   -o CMakeFiles/cmTryCompileExec652165756.dir/CheckFunctionExists.c.o   -c /usr/share/cmake-2.8/Modules/CheckFunctionExists.c
Linking C executable cmTryCompileExec652165756
/usr/bin/cmake -E cmake_link_script CMakeFiles/cmTryCompileExec652165756.dir/link.txt --verbose=1
/usr/bin/cc   -DCHECK_FUNCTION_EXISTS=pthread_create    CMakeFiles/cmTryCompileExec652165756.dir/CheckFunctionExists.c.o  -o cmTryCompileExec652165756 -rdynamic -lpthreads 
/usr/bin/ld: cannot find -lpthreads
collect2: error: ld returned 1 exit status
make[1]: *** [cmTryCompileExec652165756] Error 1
make[1]: Leaving directory `/home/iordanis/Roula/build/CMakeFiles/CMakeTmp'
make: *** [cmTryCompileExec652165756/fast] Error 2


Determining if the Q_WS_WIN exist failed with the following output:
Change Dir: /home/iordanis/Roula/build/CMakeFiles/CMakeTmp

Run Build Command:/usr/bin/make "cmTryCompileExec1186983316/fast"
/usr/bin/make -f CMakeFiles/cmTryCompileExec1186983316.dir/build.make CMakeFiles/cmTryCompileExec1186983316.dir/build
make[1]: Entering directory `/home/iordanis/Roula/build/CMakeFiles/CMakeTmp'
/usr/bin/cmake -E cmake_progress_report /home/iordanis/Roula/build/CMakeFiles/CMakeTmp/CMakeFiles 1
Building CXX object CMakeFiles/cmTryCompileExec1186983316.dir/CheckSymbolExists.cxx.o
/usr/bin/c++    -I/usr/include/qt4    -o CMakeFiles/cmTryCompileExec1186983316.dir/CheckSymbolExists.cxx.o -c /home/iordanis/Roula/build/CMakeFiles/CMakeTmp/CheckSymbolExists.cxx
/home/iordanis/Roula/build/CMakeFiles/CMakeTmp/CheckSymbolExists.cxx: In function ‘int main(int, char**)’:
/home/iordanis/Roula/build/CMakeFiles/CMakeTmp/CheckSymbolExists.cxx:8:19: error: ‘Q_WS_WIN’ was not declared in this scope
   return ((int*)(&Q_WS_WIN))[argc];
                   ^
make[1]: *** [CMakeFiles/cmTryCompileExec1186983316.dir/CheckSymbolExists.cxx.o] Error 1
make[1]: Leaving directory `/home/iordanis/Roula/build/CMakeFiles/CMakeTmp'
make: *** [cmTryCompileExec1186983316/fast] Error 2

File /home/iordanis/Roula/build/CMakeFiles/CMakeTmp/CheckSymbolExists.cxx:
/* */
#include <QtCore/qglobal.h>

int main(int argc, char** argv)
{
  (void)argv;
#ifndef Q_WS_WIN
  return ((int*)(&Q_WS_WIN))[argc];
#else
  (void)argc;
  return 0;
#endif
}

Determining if the Q_WS_QWS exist failed with the following output:
Change Dir: /home/iordanis/Roula/build/CMakeFiles/CMakeTmp

Run Build Command:/usr/bin/make "cmTryCompileExec2758532460/fast"
/usr/bin/make -f CMakeFiles/cmTryCompileExec2758532460.dir/build.make CMakeFiles/cmTryCompileExec2758532460.dir/build
make[1]: Entering directory `/home/iordanis/Roula/build/CMakeFiles/CMakeTmp'
/usr/bin/cmake -E cmake_progress_report /home/iordanis/Roula/build/CMakeFiles/CMakeTmp/CMakeFiles 1
Building CXX object CMakeFiles/cmTryCompileExec2758532460.dir/CheckSymbolExists.cxx.o
/usr/bin/c++    -I/usr/include/qt4    -o CMakeFiles/cmTryCompileExec2758532460.dir/CheckSymbolExists.cxx.o -c /home/iordanis/Roula/build/CMakeFiles/CMakeTmp/CheckSymbolExists.cxx
/home/iordanis/Roula/build/CMakeFiles/CMakeTmp/CheckSymbolExists.cxx: In function ‘int main(int, char**)’:
/home/iordanis/Roula/build/CMakeFiles/CMakeTmp/CheckSymbolExists.cxx:8:19: error: ‘Q_WS_QWS’ was not declared in this scope
   return ((int*)(&Q_WS_QWS))[argc];
                   ^
make[1]: Leaving directory `/home/iordanis/Roula/build/CMakeFiles/CMakeTmp'
make[1]: *** [CMakeFiles/cmTryCompileExec2758532460.dir/CheckSymbolExists.cxx.o] Error 1
make: *** [cmTryCompileExec2758532460/fast] Error 2

File /home/iordanis/Roula/build/CMakeFiles/CMakeTmp/CheckSymbolExists.cxx:
/* */
#include <QtCore/qglobal.h>

int main(int argc, char** argv)
{
  (void)argv;
#ifndef Q_WS_QWS
  return ((int*)(&Q_WS_QWS))[argc];
#else
  (void)argc;
  return 0;
#endif
}

Determining if the Q_WS_MAC exist failed with the following output:
Change Dir: /home/iordanis/Roula/build/CMakeFiles/CMakeTmp

Run Build Command:/usr/bin/make "cmTryCompileExec1008982260/fast"
/usr/bin/make -f CMakeFiles/cmTryCompileExec1008982260.dir/build.make CMakeFiles/cmTryCompileExec1008982260.dir/build
make[1]: Entering directory `/home/iordanis/Roula/build/CMakeFiles/CMakeTmp'
/usr/bin/cmake -E cmake_progress_report /home/iordanis/Roula/build/CMakeFiles/CMakeTmp/CMakeFiles 1
Building CXX object CMakeFiles/cmTryCompileExec1008982260.dir/CheckSymbolExists.cxx.o
/usr/bin/c++    -I/usr/include/qt4    -o CMakeFiles/cmTryCompileExec1008982260.dir/CheckSymbolExists.cxx.o -c /home/iordanis/Roula/build/CMakeFiles/CMakeTmp/CheckSymbolExists.cxx
/home/iordanis/Roula/build/CMakeFiles/CMakeTmp/CheckSymbolExists.cxx: In function ‘int main(int, char**)’:
/home/iordanis/Roula/build/CMakeFiles/CMakeTmp/CheckSymbolExists.cxx:8:19: error: ‘Q_WS_MAC’ was not declared in this scope
   return ((int*)(&Q_WS_MAC))[argc];
                   ^
make[1]: *** [CMakeFiles/cmTryCompileExec1008982260.dir/CheckSymbolExists.cxx.o] Error 1
make[1]: Leaving directory `/home/iordanis/Roula/build/CMakeFiles/CMakeTmp'
make: *** [cmTryCompileExec1008982260/fast] Error 2

File /home/iordanis/Roula/build/CMakeFiles/CMakeTmp/CheckSymbolExists.cxx:
/* */
#include <QtCore/qglobal.h>

int main(int argc, char** argv)
{
  (void)argv;
#ifndef Q_WS_MAC
  return ((int*)(&Q_WS_MAC))[argc];
#else
  (void)argc;
  return 0;
#endif
}

